
2019-03-23 03:16:05,400 WARNING  Not Found: /FxCodeShell.jsp 
2019-03-23 03:16:05,406 WARNING  Not Found: /FxCodeShell.jsp::$DATA
2019-03-23 03:16:05,411 WARNING  Not Found: /FxCodeShell.jsp/
2019-03-23 03:16:05,416 WARNING  Not Found: /FxCodeShell.jsp
2019-03-23 11:13:46,622 WARNING  Not Found: /login
2019-03-23 11:13:47,121 WARNING  Not Found: /customers/1
2019-03-23 11:13:47,607 WARNING  Not Found: /gs-guide-websocket/803/a8vbaovq/htmlfile
2019-03-23 11:13:48,103 WARNING  Not Found: /console/login/LoginForm.jsp
2019-03-23 11:13:48,609 WARNING  Not Found: /index.php
2019-03-23 11:13:49,111 WARNING  Not Found: /index.php
2019-03-23 11:13:49,623 WARNING  Not Found: /website/blog/
2019-03-23 11:13:50,128 WARNING  Not Found: /core/install.php
2019-03-23 11:13:50,629 WARNING  Not Found: /RPC2
2019-03-23 11:13:51,132 WARNING  Not Found: /users
2019-03-23 11:13:51,634 WARNING  Not Found: /flex2gateway/amf
2019-03-23 11:13:52,742 WARNING  Not Found: /ws_utc/resources/setting/options/general
2019-03-23 11:13:53,243 WARNING  Not Found: /orders.xhtml
2019-03-23 11:13:53,790 WARNING  Not Found: /struts2-showcase
2019-03-23 11:13:54,315 WARNING  Not Found: /invoker/JMXInvokerServlet
2019-03-23 11:13:54,812 WARNING  Not Found: /invoker/readonly
2019-03-23 11:13:55,315 WARNING  Not Found: /jmx-console/HtmlAdaptor
2019-03-23 11:13:55,813 WARNING  Not Found: /manager/html
2019-03-23 11:13:56,310 WARNING  Not Found: /wls-wsat/CoordinatorPortType
2019-03-23 11:13:56,809 WARNING  Not Found: /ddd.jsp/
2019-03-23 11:13:57,310 WARNING  Not Found: /ddd.jsp
